<?xml version="1.0" encoding="UTF-8"?>
<!-- Generated by org.testng.reporters.JUnitReportReporter -->
<testsuite hostname="LAPTOP-HPGF5SGE" failures="0" tests="1" name="test_class_package.loginPage_testCase" time="2.574" errors="0" timestamp="2024-01-20T15:27:36 IST" skipped="0">
  <testcase classname="test_class_package.loginPage_testCase" name="login" time="2.574"/>
</testsuite> <!-- test_class_package.loginPage_testCase -->
