<?xml version="1.0" encoding="UTF-8"?>
<!-- Generated by org.testng.reporters.JUnitReportReporter -->
<testsuite hostname="LAPTOP-HPGF5SGE" failures="0" tests="1" name="test_class_package.homePage_testCase" time="3.882" errors="0" timestamp="2024-01-20T15:27:36 IST" skipped="0">
  <testcase classname="test_class_package.homePage_testCase" name="logoutfromApp" time="3.882"/>
</testsuite> <!-- test_class_package.homePage_testCase -->
