<?xml version="1.0" encoding="UTF-8"?>
<!-- Generated by org.testng.reporters.JUnitReportReporter -->
<testsuite hostname="LAPTOP-HPGF5SGE" failures="0" tests="1" name="test_class_package.loginPage_testCase" time="1.887" errors="0" timestamp="2024-01-18T18:35:55 IST" skipped="0">
  <testcase classname="test_class_package.loginPage_testCase" name="login" time="1.887"/>
</testsuite> <!-- test_class_package.loginPage_testCase -->
